d:\vs\simple\imageprocessing\imageprocessing\debug\vc120.pdb
d:\vs\simple\imageprocessing\imageprocessing\debug\qrc_imageprocessing.obj
d:\vs\simple\imageprocessing\imageprocessing\debug\main.obj
d:\vs\simple\imageprocessing\imageprocessing\debug\imageprocessing.obj
d:\vs\simple\imageprocessing\imageprocessing\debug\moc_imageprocessing.obj
d:\vs\simple\imageprocessing\imageprocessing\generatedfiles\ui_imageprocessing.h
d:\vs\simple\imageprocessing\imageprocessing\generatedfiles\qrc_imageprocessing.cpp
d:\vs\simple\imageprocessing\imageprocessing\generatedfiles\debug\moc_imageprocessing.cpp
d:\vs\simple\imageprocessing\win32\debug\imageprocessing.ilk
d:\vs\simple\imageprocessing\win32\debug\imageprocessing.exe
d:\vs\simple\imageprocessing\win32\debug\imageprocessing.pdb
d:\vs\simple\imageprocessing\imageprocessing\debug\imageprocessing.tlog\cl.command.1.tlog
d:\vs\simple\imageprocessing\imageprocessing\debug\imageprocessing.tlog\cl.read.1.tlog
d:\vs\simple\imageprocessing\imageprocessing\debug\imageprocessing.tlog\cl.write.1.tlog
d:\vs\simple\imageprocessing\imageprocessing\debug\imageprocessing.tlog\custombuild.command.1.tlog
d:\vs\simple\imageprocessing\imageprocessing\debug\imageprocessing.tlog\custombuild.read.1.tlog
d:\vs\simple\imageprocessing\imageprocessing\debug\imageprocessing.tlog\custombuild.write.1.tlog
d:\vs\simple\imageprocessing\imageprocessing\debug\imageprocessing.tlog\link.command.1.tlog
d:\vs\simple\imageprocessing\imageprocessing\debug\imageprocessing.tlog\link.read.1.tlog
d:\vs\simple\imageprocessing\imageprocessing\debug\imageprocessing.tlog\link.write.1.tlog
